bordes_test.kt Exception in thread "main" java.lang.AssertionError: Prueba 1.1 fallida:
[-1, -1, -1, -1, -1, -1, -1, -1]
[-1, 0, 0, 1, 0, 1, 2, 3]

	at Bordes_testKt.bordes_test_1(bordes_test.kt:7)
	at Bordes_testKt.main(bordes_test.kt:39)
	at Bordes_testKt.main(bordes_test.kt)
hashing_test.kt Exception in thread "main" java.lang.AssertionError: Prueba 2.0.0.0 fallida
	at Hashing_testKt.hashing_test_2(hashing_test.kt:26)
	at Hashing_testKt.main(hashing_test.kt:76)
	at Hashing_testKt.main(hashing_test.kt)
hashing_test.kt Exception in thread "main" java.lang.AssertionError: Prueba 1.4 fallida Hashing@5b480cf9 Hashing@6f496d9f
	at Hashing_testKt.hashing_test_1(hashing_test.kt:17)
	at Hashing_testKt.main(hashing_test.kt:79)
	at Hashing_testKt.main(hashing_test.kt)
hashing_test.kt Exception in thread "main" java.lang.AssertionError: Prueba 2.0.0.0 fallida
	at Hashing_testKt.hashing_test_2(hashing_test.kt:30)
	at Hashing_testKt.main(hashing_test.kt:80)
	at Hashing_testKt.main(hashing_test.kt)
hashing_test.kt Error: Unable to access jarfile test.jar
hashing_test.kt Error: Unable to access jarfile test.jar
manacher_test.kt Error: Unable to access jarfile test.jar
manacher_test.kt Exception in thread "main" java.lang.AssertionError: Prueba 2.0.131 fallida: 0 1
	at Manacher_testKt.Manacher_test_2(manacher_test.kt:31)
	at Manacher_testKt.main(manacher_test.kt:38)
	at Manacher_testKt.main(manacher_test.kt)
suffix_array_test.kt Exception in thread "main" java.lang.AssertionError: Prueba 1.1 fallida
	at Suffix_array_testKt.suffix_array_test_1(suffix_array_test.kt:7)
	at Suffix_array_testKt.main(suffix_array_test.kt:25)
	at Suffix_array_testKt.main(suffix_array_test.kt)
suffix_array_test.kt Exception in thread "main" java.lang.AssertionError: Prueba 1.1 fallida:
[0, 1, 2, 3, 4, 5, 6, 7, 8, 9, 10]
expected
	at Suffix_array_testKt.suffix_array_test_1(suffix_array_test.kt:7)
	at Suffix_array_testKt.main(suffix_array_test.kt:25)
	at Suffix_array_testKt.main(suffix_array_test.kt)
suffix_array_test.kt Error: Unable to access jarfile test.jar
suffix_array_test.kt Exception in thread "main" java.lang.AssertionError: Prueba 1.1 fallida:
[0, 1, 2, 3, 4, 5, 6, 7, 8, 9, 10]
expected
	at Suffix_array_testKt.suffix_array_test_1(suffix_array_test.kt:7)
	at Suffix_array_testKt.main(suffix_array_test.kt:25)
	at Suffix_array_testKt.main(suffix_array_test.kt)
suffix_array_test.kt Error: Unable to access jarfile test.jar
suffix_array_test.kt Error: Unable to access jarfile test.jar
suffix_array_test.kt Error: Unable to access jarfile test.jar
suffix_array_test.kt Exception in thread "main" java.lang.AssertionError: Prueba 1.1 fallida:
[0, 1, 2, 3, 4, 5, 6, 7, 8, 9, 10, 11]
[11, 10, 7, 0, 3, 5, 8, 1, 4, 6, 9, 2]
	at Suffix_array_testKt.suffix_array_test_1(suffix_array_test.kt:7)
	at Suffix_array_testKt.main(suffix_array_test.kt:25)
	at Suffix_array_testKt.main(suffix_array_test.kt)
suffix_array_test.kt Exception in thread "main" java.lang.AssertionError: Prueba 1.1 fallida:
[0, 1, 2, 3, 4, 5, 6, 7, 8, 9, 10, 11]
[11, 10, 7, 0, 3, 5, 8, 1, 4, 6, 9, 2]
	at Suffix_array_testKt.suffix_array_test_1(suffix_array_test.kt:7)
	at Suffix_array_testKt.main(suffix_array_test.kt:25)
	at Suffix_array_testKt.main(suffix_array_test.kt)
suffix_array_test.kt Exception in thread "main" java.lang.AssertionError: Prueba 1.1 fallida:
[0, 1, 2, 3, 4, 5, 6, 7, 8, 9, 10, 11]
[11, 10, 7, 0, 3, 5, 8, 1, 4, 6, 9, 2]
	at Suffix_array_testKt.suffix_array_test_1(suffix_array_test.kt:7)
	at Suffix_array_testKt.main(suffix_array_test.kt:25)
	at Suffix_array_testKt.main(suffix_array_test.kt)
suffix_array_test.kt Exception in thread "main" java.lang.AssertionError: Prueba 1.1 fallida:
[0, 1, 2, 3, 4, 5, 6, 7, 8, 9, 10, 11]
[11, 10, 7, 0, 3, 5, 8, 1, 4, 6, 9, 2]
	at Suffix_array_testKt.suffix_array_test_1(suffix_array_test.kt:7)
	at Suffix_array_testKt.main(suffix_array_test.kt:25)
	at Suffix_array_testKt.main(suffix_array_test.kt)
suffix_array_test.kt Exception in thread "main" java.lang.AssertionError: Prueba 1.1 fallida:
[0, 1, 2, 3, 4, 5, 6, 7, 8, 9, 10, 11]
[11, 10, 7, 0, 3, 5, 8, 1, 4, 6, 9, 2]
	at Suffix_array_testKt.suffix_array_test_1(suffix_array_test.kt:7)
	at Suffix_array_testKt.main(suffix_array_test.kt:25)
	at Suffix_array_testKt.main(suffix_array_test.kt)
suffix_array_test.kt Error: Unable to access jarfile test.jar
suffix_array_test.kt Error: Unable to access jarfile test.jar
lcp_test.kt Exception in thread "main" java.lang.StringIndexOutOfBoundsException: String index out of range: 7
	at java.base/java.lang.StringLatin1.charAt(StringLatin1.java:47)
	at java.base/java.lang.String.charAt(String.java:693)
	at LcpKt.computar_lcp(lcp.kt:12)
	at Lcp_testKt.lcp_test_1(lcp_test.kt:6)
	at Lcp_testKt.main(lcp_test.kt:35)
	at Lcp_testKt.main(lcp_test.kt)
lcp_test.kt Exception in thread "main" java.lang.IndexOutOfBoundsException: Index 7 out of bounds for length 7
	at java.base/jdk.internal.util.Preconditions.outOfBounds(Preconditions.java:64)
	at java.base/jdk.internal.util.Preconditions.outOfBoundsCheckIndex(Preconditions.java:70)
	at java.base/jdk.internal.util.Preconditions.checkIndex(Preconditions.java:248)
	at java.base/java.util.Objects.checkIndex(Objects.java:374)
	at java.base/java.util.ArrayList.set(ArrayList.java:473)
	at LcpKt.computar_lcp(lcp.kt:8)
	at Lcp_testKt.lcp_test_1(lcp_test.kt:6)
	at Lcp_testKt.main(lcp_test.kt:35)
	at Lcp_testKt.main(lcp_test.kt)
lcp_test.kt Exception in thread "main" java.lang.AssertionError: Prueba 1.1 fallida
	at Lcp_testKt.lcp_test_1(lcp_test.kt:8)
	at Lcp_testKt.main(lcp_test.kt:35)
	at Lcp_testKt.main(lcp_test.kt)
lcp_test.kt Exception in thread "main" java.lang.AssertionError: Prueba 1.1 fallida:
[0, 0, 1, 3, 1, 0, 2, 0]
[0, 1, 3, 0, 2, 0, 1]
	at Lcp_testKt.lcp_test_1(lcp_test.kt:8)
	at Lcp_testKt.main(lcp_test.kt:35)
	at Lcp_testKt.main(lcp_test.kt)
hashing_test.kt Error: Unable to access jarfile test.jar
